app/proguard-rules.pro

-keep class org.koin.** { *; }
-keepclassmembers class org.koin.** { *; }