app/build/outputs/mapping/debug/seeds.txt
com.example.submisiawal2.activity.SettingsActivity
com.example.submisiawal2.activity.MainActivity
com.example.submisiawal2.activity.SettingsActivity: SettingsActivity()
com.example.submisiawal2.activity.MainActivity: MainActivity()
...
org.koin.androidx.viewmodel.ext.android.FragmentSharedStateVMKt$sharedStateViewModel$3: androidx.fragment.app.FragmentActivity invoke()
androidx.appcompat.widget.AppCompatMultiAutoCompleteTextView: void setBackgroundResource(int)
cz.msebera.android.httpclient.entity.mime.content.FileBody: FileBody(java.io.File,java.lang.String,java.lang.String,java.lang.String)
org.koin.core.module.dsl.FactoryOfKt: org.koin.core.definition.KoinDefinition factoryOf$default(org.koin.core.module.Module,kotlin.jvm.functions.Function9,kotlin.jvm.functions.Function1,int,java.lang.Object)
org.koin.androidx.viewmodel.dsl.ScopeViewModelOfKt: org.koin.core.definition.KoinDefinition viewModelOf(org.koin.dsl.ScopeDSL,kotlin.jvm.functions.Function19,kotlin.jvm.functions.Function1)
cz.msebera.android.httpclient.cookie.CookieOrigin: boolean isSecure()
cz.msebera.android.httpclient.protocol.HttpCoreContext: cz.msebera.android.httpclient.HttpHost getTargetHost()
org.koin.androidx.viewmodel.dsl.ScopeViewModelOfKt$viewModelOf$8: java.lang.Object invoke(java.lang.Object,java.lang.Object)
cz.msebera.android.httpclient.impl.pool.BasicConnPool: boolean validate(cz.msebera.android.httpclient.impl.pool.BasicPoolEntry)
cz.msebera.android.httpclient.protocol.HttpRequestHandlerRegistry: cz.msebera.android.httpclient.protocol.HttpRequestHandler lookup(java.lang.String)
org.koin.dsl.ModuleExtKt$factory$1: java.lang.Object invoke(java.lang.Object,java.lang.Object)
cz.msebera.android.httpclient.impl.client.HttpClientBuilder: cz.msebera.android.httpclient.impl.client.HttpClientBuilder setConnectionReuseStrategy(cz.msebera.android.httpclient.ConnectionReuseStrategy)
cz.msebera.android.httpclient.impl.client.cache.FailureCache: void resetErrorCount(java.lang.String)
androidx.appcompat.widget.AppCompatToggleButton: android.graphics.PorterDuff$Mode getSupportBackgroundTintMode()
net.sqlcipher.CursorWindow: boolean allocRow()
cz.msebera.android.httpclient.util.CharArrayBuffer: java.lang.CharSequence subSequence(int,int)
kotlin.coroutines.intrinsics.CoroutineSingletons: kotlin.coroutines.intrinsics.CoroutineSingletons valueOf(java.lang.String)
cz.msebera.android.httpclient.impl.client.AbstractHttpClient: cz.msebera.android.httpclient.client.CredentialsProvider createCredentialsProvider()
cz.msebera.android.httpclient.params.HttpConnectionParams: HttpConnectionParams()
cz.msebera.android.httpclient.client.methods.HttpRequestWrapper: void setURI(java.net.URI)
cz.msebera.android.httpclient.impl.cookie.AbstractCookieSpec: AbstractCookieSpec(cz.msebera.android.httpclient.cookie.CommonCookieAttributeHandler[])
net.sqlcipher.CursorWindowAllocation: long getGrowthPaddingSize()
cz.msebera.android.httpclient.message.BasicHeaderValueFormatter: void doFormatValue(cz.msebera.android.httpclient.util.CharArrayBuffer,java.lang.String,boolean)
cz.msebera.android.httpclient.impl.SocketHttpClientConnection: void shutdown()
net.sqlcipher.database.SQLiteDatabase: net.sqlcipher.database.SQLiteDatabase openOrCreateDatabase(java.lang.String,byte[],net.sqlcipher.database.SQLiteDatabase$CursorFactory)
cz.msebera.android.httpclient.client.entity.DeflateInputStream: void reset()
com.loopj.android.http.AsyncHttpClient: java.util.Map access$000(com.loopj.android.http.AsyncHttpClient)
cz.msebera.android.httpclient.impl.conn.CPoolProxy: java.net.InetAddress getRemoteAddress()
org.koin.androidx.viewmodel.dsl.ViewModelOfKt: org.koin.core.definition.KoinDefinition viewModelOf(org.koin.core.module.Module,kotlin.jvm.functions.Function13,kotlin.jvm.functions.Function1)
com.google.android.material.textfield.TextInputLayout: void setStartIconOnLongClickListener(android.view.View$OnLongClickListener)
org.koin.core.module.dsl.SingleOfKt$singleOf$13: java.lang.Object invoke(java.lang.Object,java.lang.Object)
net.sqlcipher.database.SQLiteDatabase$1: SQLiteDatabase$1()