app/build/outputs/mapping/debug/usage.txt
com.example.submisiawal2.BuildConfig
com.example.submisiawal2.R$color
com.example.submisiawal2.R$drawable:
    public static int baseline_bookmark_24
    public static int baseline_favorite_24
    public static int baseline_favorite_border_24
    public static int baseline_settings_24
    public static int ic_bookmark_white
    public static int ic_bookmarked_white
    public static int ic_broken_image_black
    public static int ic_error
    public static int ic_launcher_background
    public static int ic_launcher_foreground
    public static int ic_loading
    public static int ic_refresh_black
    public static int rounded_background
    private void <init>()
com.example.submisiawal2.R$id:
    public static int action_to_detailActivity
    public static int detailActivity
    public static int favoriteActivity
    public static int main
    public static int mainActivity
    public static int settingsActivity
    private void <init>()
com.example.submisiawal2.R$layout:
    private void <init>()
com.example.submisiawal2.R$mipmap
com.example.submisiawal2.R$navigation
com.example.submisiawal2.R$string
com.example.submisiawal2.R$style
com.example.submisiawal2.R$xml
com.example.submisiawal2.R
com.example.submisiawal2.databinding.ActivityMainBinding:
    public synthetic bridge android.view.View getRoot()
com.example.submisiawal2.databinding.ActivitySettingsBinding:
    public synthetic bridge android.view.View getRoot()
...
androidx.work.LoggerExtKt
androidx.work.OneTimeWorkRequest$Builder:
    public void <init>(kotlin.reflect.KClass)
    public final androidx.work.OneTimeWorkRequest$Builder setInputMerger(java.lang.Class)
androidx.work.OneTimeWorkRequest$Companion:
    public final java.util.List from(java.util.List)
androidx.work.OneTimeWorkRequest:
    public static final java.util.List from(java.util.List)
androidx.work.OneTimeWorkRequestKt
androidx.work.Operation$State$FAILURE:
    public java.lang.Throwable getThrowable()
androidx.work.Operation:
    public abstract com.google.common.util.concurrent.ListenableFuture getResult()
    public abstract androidx.lifecycle.LiveData getState()
androidx.work.OperationImpl:
    public com.google.common.util.concurrent.ListenableFuture getResult()
    public androidx.lifecycle.LiveData getState()
androidx.work.OperationKt$await$1
androidx.work.OperationKt:
    public static final java.lang.Object await(androidx.work.Operation,kotlin.coroutines.Continuation)
    private static final java.lang.Object await$$forInline(androidx.work.Operation,kotlin.coroutines.Continuation)
androidx.work.PeriodicWorkRequest$Builder
androidx.work.PeriodicWorkRequest$Companion
androidx.work.PeriodicWorkRequest
androidx.work.PeriodicWorkRequestKt
androidx.work.ProgressUpdater:
    public abstract com.google.common.util.concurrent.ListenableFuture updateProgress(android.content.Context,java.util.UUID,androidx.work.Data)
androidx.work.R$bool:
    public static int enable_system_alarm_service_default
    public static int enable_system_foreground_service_default
    public static int enable_system_job_service_default
    private void <init>()
androidx.work.R
androidx.work.StopReason
androidx.work.WorkContinuation:
    public static androidx.work.WorkContinuation combine(java.util.List)
    protected abstract androidx.work.WorkContinuation combineInternal(java.util.List)
    public abstract androidx.work.Operation enqueue()
    public abstract com.google.common.util.concurrent.ListenableFuture getWorkInfos()
    public abstract androidx.lifecycle.LiveData getWorkInfosLiveData()
    public final androidx.work.WorkContinuation then(androidx.work.OneTimeWorkRequest)
    public abstract androidx.work.WorkContinuation then(java.util.List)
androidx.work.WorkInfo$Companion
androidx.work.WorkInfo$PeriodicityInfo
androidx.work.WorkInfo:
    public static final androidx.work.WorkInfo$Companion Companion
    public static final int STOP_REASON_APP_STANDBY
    public static final int STOP_REASON_BACKGROUND_RESTRICTION
    public static final int STOP_REASON_CANCELLED_BY_APP
    public static final int STOP_REASON_CONSTRAINT_BATTERY_NOT_LOW
    public static final int STOP_REASON_CONSTRAINT_CHARGING
    public static final int STOP_REASON_CONSTRAINT_CONNECTIVITY
    public static final int STOP_REASON_CONSTRAINT_DEVICE_IDLE
    public static final int STOP_REASON_CONSTRAINT_STORAGE_NOT_LOW
    public static final int STOP_REASON_DEVICE_STATE
    public static final int STOP_REASON_ESTIMATED_APP_LAUNCH_TIME_CHANGED
    public static final int STOP_REASON_FOREGROUND_SERVICE_TIMEOUT
    public static final int STOP_REASON_NOT_STOPPED
    public static final int STOP_REASON_PREEMPT
    public static final int STOP_REASON_QUOTA
    public static final int STOP_REASON_SYSTEM_PROCESSING
    public static final int STOP_REASON_TIMEOUT
    public static final int STOP_REASON_UNKNOWN
    public static final int STOP_REASON_USER
    private final androidx.work.Constraints constraints
    private final int generation
    private final java.util.UUID id
    private final long initialDelayMillis
    private final long nextScheduleTimeMillis
    private final androidx.work.Data outputData
    private final androidx.work.WorkInfo$PeriodicityInfo periodicityInfo
androidx.work.WorkManager$Companion:
    public androidx.work.WorkManager getInstance()
    public boolean isInitialized()
androidx.work.WorkManager$UpdateResult